2016-02-15 22:35:09,090 : INFO : Machine : Mission Pinball Framework v0.30.0.dev391
2016-02-15 22:35:09,091 : INFO : Machine : Loading config from original files
2016-02-15 22:35:09,147 : INFO : Machine : Machine config file #1: /Users/brian/Dropbox/Pinball/machine_files/bullseye/config/config
2016-02-15 22:35:09,184 : ERROR : YAML Interface : Config file /Users/brian/Dropbox/Pinball/machine_files/bullseye/config/config.yaml is version 2. MPF 0.30.0.dev391 requires version 3
2016-02-15 22:35:09,184 : ERROR : YAML Interface : Use the Config File Migrator to automatically migrate your config file to the latest version.
2016-02-15 22:35:09,184 : ERROR : YAML Interface : Migration tool: https://missionpinball.com/docs/tools/config-file-migrator/
2016-02-15 22:35:09,184 : ERROR : YAML Interface : More info on config version 3: https://missionpinball.com/docs/configuration-file-reference/config-version-3/
2016-02-15 22:35:09,184 : ERROR : root : Config file version mismatch: /Users/brian/Dropbox/Pinball/machine_files/bullseye/config/config.yaml
Traceback (most recent call last):
  File "/Users/brian/git/mpf/mpf/commands/core.py", line 137, in __init__
    MachineController(mpf_path, machine_path, vars(args)).run()
  File "/Users/brian/git/mpf/mpf/core/machine.py", line 94, in __init__
    self._load_config()
  File "/Users/brian/git/mpf/mpf/core/machine.py", line 248, in _load_config
    self._load_config_from_files()
  File "/Users/brian/git/mpf/mpf/core/machine.py", line 265, in _load_config_from_files
    ConfigProcessor.load_config_file(config_file))
  File "/Users/brian/git/mpf/mpf/core/config_processor.py", line 89, in load_config_file
    config = FileManager.load(filename, verify_version, halt_on_error)
  File "/Users/brian/git/mpf/mpf/core/file_manager.py", line 153, in load
    round_trip)
  File "/Users/brian/git/mpf/mpf/file_interfaces/yaml_interface.py", line 279, in load
    format(filename))
ValueError: Config file version mismatch: /Users/brian/Dropbox/Pinball/machine_files/bullseye/config/config.yaml
